<?xml version="1.0" encoding="UTF-8"?>
<testsuite name="com.algaworks.algashop.ordering.domain.model.entity.ShoppingCartItemTest" tests="1" skipped="0" failures="0" errors="0" timestamp="2025-08-21T23:54:58.183Z" hostname="marco-Inspiron-3583" time="0.004">
  <properties/>
  <testcase name="dado_um_item_novo_quando_cadastrar_entao_calcular_total()" classname="com.algaworks.algashop.ordering.domain.model.entity.ShoppingCartItemTest" time="0.004"/>
  <system-out><![CDATA[]]></system-out>
  <system-err><![CDATA[]]></system-err>
</testsuite>
