<?xml version="1.0" encoding="UTF-8"?>
<testsuite name="com.algaworks.algashop.ordering.domain.model.customer.CustomerTest" tests="7" skipped="0" failures="0" errors="0" timestamp="2025-10-01T22:16:44.182Z" hostname="marco-Inspiron-3583" time="0.016">
  <properties/>
  <testcase name="dado_cliente_nao_arquivado_quando_arquivar_deve_anonimizar()" classname="com.algaworks.algashop.ordering.domain.model.customer.CustomerTest" time="0.005"/>
  <testcase name="dado_email_invalido_quando_criar_deve_lancar_excecao()" classname="com.algaworks.algashop.ordering.domain.model.customer.CustomerTest" time="0.001"/>
  <testcase name="dado_cliente_arquivado_entao_nao_pode_arquivar_e_nem_alterar()" classname="com.algaworks.algashop.ordering.domain.model.customer.CustomerTest" time="0.002"/>
  <testcase name="dado_email_valido_quando_alterar_deve_lancar_excecao()" classname="com.algaworks.algashop.ordering.domain.model.customer.CustomerTest" time="0.002"/>
  <testcase name="dado_credito_pontos_igual_ou_menor_que_zero_entao_lancar_excecao()" classname="com.algaworks.algashop.ordering.domain.model.customer.CustomerTest" time="0.002"/>
  <testcase name="dado_credito_pontos_maior_que_zero_entao_adicionar_ao_valor_existente()" classname="com.algaworks.algashop.ordering.domain.model.customer.CustomerTest" time="0.001"/>
  <testcase name="dado_cliente_arquivado_entao_nao_pode_alterar()" classname="com.algaworks.algashop.ordering.domain.model.customer.CustomerTest" time="0.001"/>
  <system-out><![CDATA[]]></system-out>
  <system-err><![CDATA[]]></system-err>
</testsuite>
