<?xml version="1.0" encoding="UTF-8"?>
<testsuite name="com.algaworks.algashop.ordering.domain.model.entity.OrderStatusTest" tests="1" skipped="0" failures="0" errors="0" timestamp="2025-08-21T23:54:58.120Z" hostname="marco-Inspiron-3583" time="0.001">
  <properties/>
  <testcase name="alterarStatus()" classname="com.algaworks.algashop.ordering.domain.model.entity.OrderStatusTest" time="0.001"/>
  <system-out><![CDATA[]]></system-out>
  <system-err><![CDATA[]]></system-err>
</testsuite>
