<?xml version="1.0" encoding="UTF-8"?>
<testsuite name="com.algaworks.algashop.ordering.domain.model.valueobject.EmailTest" tests="4" skipped="0" failures="0" errors="0" timestamp="2025-08-21T23:55:15.832Z" hostname="marco-Inspiron-3583" time="0.006">
  <properties/>
  <testcase name="quando_passar_email_nulo_entao_retorne_excecao()" classname="com.algaworks.algashop.ordering.domain.model.valueobject.EmailTest" time="0.001"/>
  <testcase name="quando_criar_email_entao_retorna_email_criado()" classname="com.algaworks.algashop.ordering.domain.model.valueobject.EmailTest" time="0.001"/>
  <testcase name="quando_passar_email_em_branco_entao_retorne_excecao()" classname="com.algaworks.algashop.ordering.domain.model.valueobject.EmailTest" time="0.001"/>
  <testcase name="quando_passar_email_invalido_entao_retorne_excecao()" classname="com.algaworks.algashop.ordering.domain.model.valueobject.EmailTest" time="0.001"/>
  <system-out><![CDATA[]]></system-out>
  <system-err><![CDATA[]]></system-err>
</testsuite>
