<?xml version="1.0" encoding="UTF-8"?>
<testsuite name="com.algaworks.algashop.ordering.infrastructure.persistence.repository.OrderPersistenceEntityRepositoryTest" tests="3" skipped="0" failures="0" errors="0" timestamp="2025-08-08T00:32:40.079Z" hostname="marco-Inspiron-3583" time="1.169">
  <properties/>
  <testcase name="shouldPersist()" classname="com.algaworks.algashop.ordering.infrastructure.persistence.repository.OrderPersistenceEntityRepositoryTest" time="1.135"/>
  <testcase name="shouldCount()" classname="com.algaworks.algashop.ordering.infrastructure.persistence.repository.OrderPersistenceEntityRepositoryTest" time="0.014"/>
  <testcase name="shouldFind()" classname="com.algaworks.algashop.ordering.infrastructure.persistence.repository.OrderPersistenceEntityRepositoryTest" time="0.015"/>
  <system-out><![CDATA[Standard Commons Logging discovery in action with spring-jcl: please remove commons-logging.jar from classpath in order to avoid potential conflicts
21:32:37.224 [Test worker] INFO org.springframework.test.context.support.AnnotationConfigContextLoaderUtils -- Could not detect default configuration classes for test class [com.algaworks.algashop.ordering.infrastructure.persistence.repository.OrderPersistenceEntityRepositoryTest]: OrderPersistenceEntityRepositoryTest does not declare any static, non-private, non-final, nested classes annotated with @Configuration.
21:32:37.359 [Test worker] INFO org.springframework.boot.test.context.SpringBootTestContextBootstrapper -- Found @SpringBootConfiguration com.algaworks.algashop.ordering.OrderingApplication for test class com.algaworks.algashop.ordering.infrastructure.persistence.repository.OrderPersistenceEntityRepositoryTest

  .   ____          _            __ _ _
 /\\ / ___'_ __ _ _(_)_ __  __ _ \ \ \ \
( ( )\___ | '_ | '_| | '_ \/ _` | \ \ \ \
 \\/  ___)| |_)| | | | | || (_| |  ) ) ) )
  '  |____| .__|_| |_|_| |_\__, | / / / /
 =========|_|==============|___/=/_/_/_/

 :: Spring Boot ::                (v3.4.7)

2025-08-07T21:32:37.820-03:00  INFO 142531 --- [ordering] [    Test worker] p.r.OrderPersistenceEntityRepositoryTest : Starting OrderPersistenceEntityRepositoryTest using Java 21.0.6 with PID 142531 (started by marco in /home/marco/projetos/EMS/algashop/microsservices/algashop-ordering)
2025-08-07T21:32:37.822-03:00  INFO 142531 --- [ordering] [    Test worker] p.r.OrderPersistenceEntityRepositoryTest : The following 1 profile is active: "test"
2025-08-07T21:32:38.174-03:00  INFO 142531 --- [ordering] [    Test worker] .s.d.r.c.RepositoryConfigurationDelegate : Bootstrapping Spring Data JPA repositories in DEFAULT mode.
2025-08-07T21:32:38.249-03:00  INFO 142531 --- [ordering] [    Test worker] .s.d.r.c.RepositoryConfigurationDelegate : Finished Spring Data repository scanning in 64 ms. Found 1 JPA repository interface.
2025-08-07T21:32:38.548-03:00  INFO 142531 --- [ordering] [    Test worker] o.hibernate.jpa.internal.util.LogHelper  : HHH000204: Processing PersistenceUnitInfo [name: default]
2025-08-07T21:32:38.586-03:00  INFO 142531 --- [ordering] [    Test worker] org.hibernate.Version                    : HHH000412: Hibernate ORM core version 6.6.18.Final
2025-08-07T21:32:38.613-03:00  INFO 142531 --- [ordering] [    Test worker] o.h.c.internal.RegionFactoryInitiator    : HHH000026: Second-level cache disabled
2025-08-07T21:32:38.827-03:00  INFO 142531 --- [ordering] [    Test worker] o.s.o.j.p.SpringPersistenceUnitInfo      : No LoadTimeWeaver setup: ignoring JPA class transformer
2025-08-07T21:32:38.852-03:00  INFO 142531 --- [ordering] [    Test worker] com.zaxxer.hikari.HikariDataSource       : HikariPool-1 - Starting...
2025-08-07T21:32:39.009-03:00  INFO 142531 --- [ordering] [    Test worker] com.zaxxer.hikari.pool.HikariPool        : HikariPool-1 - Added connection conn0: url=jdbc:h2:mem:ordering-test user=SA
2025-08-07T21:32:39.011-03:00  INFO 142531 --- [ordering] [    Test worker] com.zaxxer.hikari.HikariDataSource       : HikariPool-1 - Start completed.
2025-08-07T21:32:39.030-03:00  WARN 142531 --- [ordering] [    Test worker] org.hibernate.orm.deprecation            : HHH90000025: H2Dialect does not need to be specified explicitly using 'hibernate.dialect' (remove the property setting and it will be selected by default)
2025-08-07T21:32:39.048-03:00  INFO 142531 --- [ordering] [    Test worker] org.hibernate.orm.connections.pooling    : HHH10001005: Database info:
	Database JDBC URL [Connecting through datasource 'HikariDataSource (HikariPool-1)']
	Database driver: undefined/unknown
	Database version: 2.3.232
	Autocommit mode: undefined/unknown
	Isolation level: undefined/unknown
	Minimum pool size: undefined/unknown
	Maximum pool size: undefined/unknown
2025-08-07T21:32:39.732-03:00  INFO 142531 --- [ordering] [    Test worker] o.h.e.t.j.p.i.JtaPlatformInitiator       : HHH000489: No JTA platform available (set 'hibernate.transaction.jta.platform' to enable JTA platform integration)
Hibernate: create table "order" (id bigint not null, canceled_at timestamp(6) with time zone, customer_id uuid, paid_at timestamp(6) with time zone, payment_method varchar(255), placed_at timestamp(6) with time zone, ready_at timestamp(6) with time zone, status varchar(255), total_amount numeric(38,2), total_items integer, primary key (id))
2025-08-07T21:32:39.789-03:00  INFO 142531 --- [ordering] [    Test worker] j.LocalContainerEntityManagerFactoryBean : Initialized JPA EntityManagerFactory for persistence unit 'default'
2025-08-07T21:32:40.068-03:00  INFO 142531 --- [ordering] [    Test worker] p.r.OrderPersistenceEntityRepositoryTest : Started OrderPersistenceEntityRepositoryTest in 2.645 seconds (process running for 3.776)
Hibernate: select ope1_0.id,ope1_0.canceled_at,ope1_0.customer_id,ope1_0.paid_at,ope1_0.payment_method,ope1_0.placed_at,ope1_0.ready_at,ope1_0.status,ope1_0.total_amount,ope1_0.total_items from "order" ope1_0 where ope1_0.id=?
Hibernate: insert into "order" (canceled_at,customer_id,paid_at,payment_method,placed_at,ready_at,status,total_amount,total_items,id) values (?,?,?,?,?,?,?,?,?,?)
Hibernate: select count(*) from "order" ope1_0 where ope1_0.id=?
Hibernate: select count(*) from "order" ope1_0
Hibernate: select ope1_0.id,ope1_0.canceled_at,ope1_0.customer_id,ope1_0.paid_at,ope1_0.payment_method,ope1_0.placed_at,ope1_0.ready_at,ope1_0.status,ope1_0.total_amount,ope1_0.total_items from "order" ope1_0 where ope1_0.id=?
Hibernate: insert into "order" (canceled_at,customer_id,paid_at,payment_method,placed_at,ready_at,status,total_amount,total_items,id) values (?,?,?,?,?,?,?,?,?,?)
]]></system-out>
  <system-err><![CDATA[Mockito is currently self-attaching to enable the inline-mock-maker. This will no longer work in future releases of the JDK. Please add Mockito as an agent to your build what is described in Mockito's documentation: https://javadoc.io/doc/org.mockito/mockito-core/latest/org/mockito/Mockito.html#0.3
WARNING: A Java agent has been loaded dynamically (/home/marco/.gradle/caches/modules-2/files-2.1/net.bytebuddy/byte-buddy-agent/1.15.11/a38b16385e867f59a641330f0362ebe742788ed8/byte-buddy-agent-1.15.11.jar)
WARNING: If a serviceability tool is in use, please run with -XX:+EnableDynamicAgentLoading to hide this warning
WARNING: If a serviceability tool is not in use, please run with -Djdk.instrument.traceUsage for more information
WARNING: Dynamic loading of agents will be disallowed by default in a future release
]]></system-err>
</testsuite>
