<?xml version="1.0" encoding="UTF-8"?>
<testsuite name="com.algaworks.algashop.ordering.domain.model.entity.factory.OrderFactoryTest" tests="1" skipped="0" failures="0" errors="0" timestamp="2025-08-21T23:54:58.214Z" hostname="marco-Inspiron-3583" time="0.014">
  <properties/>
  <testcase name="criarPedidoRascunhoNovo()" classname="com.algaworks.algashop.ordering.domain.model.entity.factory.OrderFactoryTest" time="0.014"/>
  <system-out><![CDATA[]]></system-out>
  <system-err><![CDATA[]]></system-err>
</testsuite>
