<?xml version="1.0" encoding="UTF-8"?>
<testsuite name="com.algaworks.algashop.ordering.domain.model.valueobject.LoyaltPointsTest" tests="2" skipped="0" failures="0" errors="0" timestamp="2025-08-21T23:55:15.845Z" hostname="marco-Inspiron-3583" time="0.003">
  <properties/>
  <testcase name="quando_adicionar_loyaltpoint_entao_incremente_valor()" classname="com.algaworks.algashop.ordering.domain.model.valueobject.LoyaltPointsTest" time="0.001"/>
  <testcase name="quando_criar_loyalpoint_menor_que_zero_gerar_excecao()" classname="com.algaworks.algashop.ordering.domain.model.valueobject.LoyaltPointsTest" time="0.001"/>
  <system-out><![CDATA[]]></system-out>
  <system-err><![CDATA[]]></system-err>
</testsuite>
