<?xml version="1.0" encoding="UTF-8"?>
<testsuite name="com.algaworks.algashop.ordering.domain.model.entity.OrderItemTest" tests="2" skipped="0" failures="0" errors="0" timestamp="2025-08-21T23:54:58.089Z" hostname="marco-Inspiron-3583" time="0.008">
  <properties/>
  <testcase name="newOrderId()" classname="com.algaworks.algashop.ordering.domain.model.entity.OrderItemTest" time="0.005"/>
  <testcase name="testOrderItem()" classname="com.algaworks.algashop.ordering.domain.model.entity.OrderItemTest" time="0.001"/>
  <system-out><![CDATA[]]></system-out>
  <system-err><![CDATA[]]></system-err>
</testsuite>
