<?xml version="1.0" encoding="UTF-8"?>
<testsuite name="com.algaworks.algashop.ordering.infrastructure.persistence.assembler.CustomerPersistenceEntityAssemblerTest" tests="1" skipped="0" failures="0" errors="0" timestamp="2025-08-19T23:41:14.280Z" hostname="marco-Inspiron-3583" time="0.061">
  <properties/>
  <testcase name="dado_um_domain_converter_para_entity()" classname="com.algaworks.algashop.ordering.infrastructure.persistence.assembler.CustomerPersistenceEntityAssemblerTest" time="0.061"/>
  <system-out><![CDATA[]]></system-out>
  <system-err><![CDATA[]]></system-err>
</testsuite>
