<?xml version="1.0" encoding="UTF-8"?>
<testsuite name="com.algaworks.algashop.ordering.domain.model.valueobject.FullNameTest" tests="2" skipped="0" failures="0" errors="0" timestamp="2025-08-21T23:55:15.839Z" hostname="marco-Inspiron-3583" time="0.004">
  <properties/>
  <testcase name="quando_criar_nome_completo_com_valores_valido_entao_retorne_nome_completo()" classname="com.algaworks.algashop.ordering.domain.model.valueobject.FullNameTest" time="0.002"/>
  <testcase name="quando_criar_nome_ou_sobrenome_null_ou_branco_entao_lancar_exception()" classname="com.algaworks.algashop.ordering.domain.model.valueobject.FullNameTest" time="0.002"/>
  <system-out><![CDATA[]]></system-out>
  <system-err><![CDATA[]]></system-err>
</testsuite>
