<?xml version="1.0" encoding="UTF-8"?>
<testsuite name="com.algaworks.algashop.ordering.infrastructure.persistence.repository.OrderPersistenceEntityRepositoryTest" tests="4" skipped="0" failures="0" errors="0" timestamp="2025-08-21T23:55:17.580Z" hostname="marco-Inspiron-3583" time="0.042">
  <properties/>
  <testcase name="shouldPersistAndSaveAudit()" classname="com.algaworks.algashop.ordering.infrastructure.persistence.repository.OrderPersistenceEntityRepositoryTest" time="0.018"/>
  <testcase name="shouldPersist()" classname="com.algaworks.algashop.ordering.infrastructure.persistence.repository.OrderPersistenceEntityRepositoryTest" time="0.01"/>
  <testcase name="shouldCount()" classname="com.algaworks.algashop.ordering.infrastructure.persistence.repository.OrderPersistenceEntityRepositoryTest" time="0.005"/>
  <testcase name="shouldFind()" classname="com.algaworks.algashop.ordering.infrastructure.persistence.repository.OrderPersistenceEntityRepositoryTest" time="0.006"/>
  <system-out><![CDATA[2025-08-21T20:55:17.281-03:00  INFO 25230 --- [ordering] [    Test worker] t.c.s.AnnotationConfigContextLoaderUtils : Could not detect default configuration classes for test class [com.algaworks.algashop.ordering.infrastructure.persistence.repository.OrderPersistenceEntityRepositoryTest]: OrderPersistenceEntityRepositoryTest does not declare any static, non-private, non-final, nested classes annotated with @Configuration.
2025-08-21T20:55:17.288-03:00  INFO 25230 --- [ordering] [    Test worker] .b.t.c.SpringBootTestContextBootstrapper : Found @SpringBootConfiguration com.algaworks.algashop.ordering.OrderingApplication for test class com.algaworks.algashop.ordering.infrastructure.persistence.repository.OrderPersistenceEntityRepositoryTest

  .   ____          _            __ _ _
 /\\ / ___'_ __ _ _(_)_ __  __ _ \ \ \ \
( ( )\___ | '_ | '_| | '_ \/ _` | \ \ \ \
 \\/  ___)| |_)| | | | | || (_| |  ) ) ) )
  '  |____| .__|_| |_|_| |_\__, | / / / /
 =========|_|==============|___/=/_/_/_/

 :: Spring Boot ::                (v3.4.7)

2025-08-21T20:55:17.309-03:00  INFO 25230 --- [ordering] [    Test worker] p.r.OrderPersistenceEntityRepositoryTest : Starting OrderPersistenceEntityRepositoryTest using Java 21.0.6 with PID 25230 (started by marco in /home/marco/projetos/EMS/algashop/microsservices/algashop-ordering)
2025-08-21T20:55:17.309-03:00  INFO 25230 --- [ordering] [    Test worker] p.r.OrderPersistenceEntityRepositoryTest : The following 1 profile is active: "test"
2025-08-21T20:55:17.364-03:00  INFO 25230 --- [ordering] [    Test worker] .s.d.r.c.RepositoryConfigurationDelegate : Bootstrapping Spring Data JPA repositories in DEFAULT mode.
2025-08-21T20:55:17.377-03:00  INFO 25230 --- [ordering] [    Test worker] .s.d.r.c.RepositoryConfigurationDelegate : Finished Spring Data repository scanning in 12 ms. Found 2 JPA repository interfaces.
2025-08-21T20:55:17.448-03:00  INFO 25230 --- [ordering] [    Test worker] o.hibernate.jpa.internal.util.LogHelper  : HHH000204: Processing PersistenceUnitInfo [name: default]
2025-08-21T20:55:17.450-03:00  INFO 25230 --- [ordering] [    Test worker] o.h.c.internal.RegionFactoryInitiator    : HHH000026: Second-level cache disabled
2025-08-21T20:55:17.456-03:00  INFO 25230 --- [ordering] [    Test worker] o.s.o.j.p.SpringPersistenceUnitInfo      : No LoadTimeWeaver setup: ignoring JPA class transformer
2025-08-21T20:55:17.457-03:00  INFO 25230 --- [ordering] [    Test worker] com.zaxxer.hikari.HikariDataSource       : HikariPool-1 - Starting...
2025-08-21T20:55:17.468-03:00  INFO 25230 --- [ordering] [    Test worker] com.zaxxer.hikari.pool.HikariPool        : HikariPool-1 - Added connection conn18: url=jdbc:h2:mem:ordering-test user=SA
2025-08-21T20:55:17.470-03:00  INFO 25230 --- [ordering] [    Test worker] com.zaxxer.hikari.HikariDataSource       : HikariPool-1 - Start completed.
2025-08-21T20:55:17.475-03:00  WARN 25230 --- [ordering] [    Test worker] org.hibernate.orm.deprecation            : HHH90000025: H2Dialect does not need to be specified explicitly using 'hibernate.dialect' (remove the property setting and it will be selected by default)
2025-08-21T20:55:17.482-03:00  INFO 25230 --- [ordering] [    Test worker] org.hibernate.orm.connections.pooling    : HHH10001005: Database info:
	Database JDBC URL [Connecting through datasource 'HikariDataSource (HikariPool-1)']
	Database driver: undefined/unknown
	Database version: 2.3.232
	Autocommit mode: undefined/unknown
	Isolation level: undefined/unknown
	Minimum pool size: undefined/unknown
	Maximum pool size: undefined/unknown
2025-08-21T20:55:17.527-03:00  INFO 25230 --- [ordering] [    Test worker] o.h.e.t.j.p.i.JtaPlatformInitiator       : HHH000489: No JTA platform available (set 'hibernate.transaction.jta.platform' to enable JTA platform integration)
Hibernate: create table customer_persistence_entity (id uuid not null, city varchar(255), complement varchar(255), neighborhood varchar(255), number varchar(255), state varchar(255), street varchar(255), zip_code varchar(255), archived boolean, archived_at timestamp(6) with time zone, birth_date date, create_by_user_id uuid, document varchar(255), email varchar(255), first_name varchar(255), last_modified_at timestamp(6) with time zone, last_modified_by_user uuid, last_name varchar(255), loyalt_points integer, phone varchar(255), promotion_notifications_allowed boolean, registered_at timestamp(6) with time zone, version bigint, primary key (id))
Hibernate: create table "order" (id bigint not null, billing_address_city varchar(255), billing_address_complement varchar(255), billing_address_neighborhood varchar(255), billing_address_number varchar(255), billing_address_state varchar(255), billing_address_street varchar(255), billing_address_zip_code varchar(255), billing_document varchar(255), email varchar(255), billing_first_name varchar(255), billing_last_name varchar(255), billing_phone varchar(255), canceled_at timestamp(6) with time zone, create_by_user_id uuid, customer_id uuid, last_modified_at timestamp(6) with time zone, last_modified_by_user_id uuid, paid_at timestamp(6) with time zone, payment_method varchar(255), placed_at timestamp(6) with time zone, ready_at timestamp(6) with time zone, shipping_address_city varchar(255), shipping_address_complement varchar(255), shipping_address_neighborhood varchar(255), shipping_address_number varchar(255), shipping_address_state varchar(255), shipping_address_street varchar(255), shipping_address_zip_code varchar(255), shipping_cost numeric(38,2), shipping_expected_date date, shipping_recipient_document varchar(255), shipping_recipient_first_name varchar(255), shipping_recipient_last_name varchar(255), shipping_recipient_phone varchar(255), status varchar(255), total_amount numeric(38,2), total_items integer, version bigint, primary key (id))
Hibernate: create table order_item (id bigint not null, price numeric(38,2), product_id uuid, product_name varchar(255), quantity integer, total_amount numeric(38,2), "order_id" bigint not null, primary key (id))
Hibernate: alter table if exists order_item add constraint FKsgmrolp8skulmo2vyb20c4mfk foreign key ("order_id") references "order"
2025-08-21T20:55:17.537-03:00  INFO 25230 --- [ordering] [    Test worker] j.LocalContainerEntityManagerFactoryBean : Initialized JPA EntityManagerFactory for persistence unit 'default'
2025-08-21T20:55:17.578-03:00  INFO 25230 --- [ordering] [    Test worker] p.r.OrderPersistenceEntityRepositoryTest : Started OrderPersistenceEntityRepositoryTest in 0.287 seconds (process running for 20.125)
Hibernate: insert into "order" (billing_address_city,billing_address_complement,billing_address_neighborhood,billing_address_number,billing_address_state,billing_address_street,billing_address_zip_code,billing_document,email,billing_first_name,billing_last_name,billing_phone,canceled_at,create_by_user_id,customer_id,last_modified_at,last_modified_by_user_id,paid_at,payment_method,placed_at,ready_at,shipping_address_city,shipping_address_complement,shipping_address_neighborhood,shipping_address_number,shipping_address_state,shipping_address_street,shipping_address_zip_code,shipping_cost,shipping_expected_date,shipping_recipient_document,shipping_recipient_first_name,shipping_recipient_last_name,shipping_recipient_phone,status,total_amount,total_items,version,id) values (?,?,?,?,?,?,?,?,?,?,?,?,?,?,?,?,?,?,?,?,?,?,?,?,?,?,?,?,?,?,?,?,?,?,?,?,?,?,?)
Hibernate: insert into order_item ("order_id",price,product_id,product_name,quantity,total_amount,id) values (?,?,?,?,?,?,?)
Hibernate: insert into order_item ("order_id",price,product_id,product_name,quantity,total_amount,id) values (?,?,?,?,?,?,?)
Hibernate: insert into "order" (billing_address_city,billing_address_complement,billing_address_neighborhood,billing_address_number,billing_address_state,billing_address_street,billing_address_zip_code,billing_document,email,billing_first_name,billing_last_name,billing_phone,canceled_at,create_by_user_id,customer_id,last_modified_at,last_modified_by_user_id,paid_at,payment_method,placed_at,ready_at,shipping_address_city,shipping_address_complement,shipping_address_neighborhood,shipping_address_number,shipping_address_state,shipping_address_street,shipping_address_zip_code,shipping_cost,shipping_expected_date,shipping_recipient_document,shipping_recipient_first_name,shipping_recipient_last_name,shipping_recipient_phone,status,total_amount,total_items,version,id) values (?,?,?,?,?,?,?,?,?,?,?,?,?,?,?,?,?,?,?,?,?,?,?,?,?,?,?,?,?,?,?,?,?,?,?,?,?,?,?)
Hibernate: insert into order_item ("order_id",price,product_id,product_name,quantity,total_amount,id) values (?,?,?,?,?,?,?)
Hibernate: insert into order_item ("order_id",price,product_id,product_name,quantity,total_amount,id) values (?,?,?,?,?,?,?)
Hibernate: select count(*) from "order" ope1_0 where ope1_0.id=?
Hibernate: select count(*) from "order" ope1_0
Hibernate: insert into "order" (billing_address_city,billing_address_complement,billing_address_neighborhood,billing_address_number,billing_address_state,billing_address_street,billing_address_zip_code,billing_document,email,billing_first_name,billing_last_name,billing_phone,canceled_at,create_by_user_id,customer_id,last_modified_at,last_modified_by_user_id,paid_at,payment_method,placed_at,ready_at,shipping_address_city,shipping_address_complement,shipping_address_neighborhood,shipping_address_number,shipping_address_state,shipping_address_street,shipping_address_zip_code,shipping_cost,shipping_expected_date,shipping_recipient_document,shipping_recipient_first_name,shipping_recipient_last_name,shipping_recipient_phone,status,total_amount,total_items,version,id) values (?,?,?,?,?,?,?,?,?,?,?,?,?,?,?,?,?,?,?,?,?,?,?,?,?,?,?,?,?,?,?,?,?,?,?,?,?,?,?)
]]></system-out>
  <system-err><![CDATA[]]></system-err>
</testsuite>
