<?xml version="1.0" encoding="UTF-8"?>
<testsuite name="com.algaworks.algashop.ordering.domain.model.order.BuyNowServiceTest" tests="2" skipped="0" failures="0" errors="0" timestamp="2025-10-01T22:16:44.748Z" hostname="marco-Inspiron-3583" time="0.003">
  <properties/>
  <testcase name="validarCompraImediataDeProdutoSemEstoque()" classname="com.algaworks.algashop.ordering.domain.model.order.BuyNowServiceTest" time="0.002"/>
  <testcase name="validarCompraImediataDeProdutoComEstoque()" classname="com.algaworks.algashop.ordering.domain.model.order.BuyNowServiceTest" time="0.0"/>
  <system-out><![CDATA[]]></system-out>
  <system-err><![CDATA[]]></system-err>
</testsuite>
