<?xml version="1.0" encoding="UTF-8"?>
<testsuite name="com.algaworks.algashop.ordering.infrastructure.persistence.provider.ShoppingCartsPersistenceProviderTest" tests="1" skipped="0" failures="0" errors="0" timestamp="2025-10-01T22:16:43.784Z" hostname="marco-Inspiron-3583" time="0.157">
  <properties/>
  <testcase name="gravarERecuperarPorIdDoCliente()" classname="com.algaworks.algashop.ordering.infrastructure.persistence.provider.ShoppingCartsPersistenceProviderTest" time="0.157"/>
  <system-out><![CDATA[Standard Commons Logging discovery in action with spring-jcl: please remove commons-logging.jar from classpath in order to avoid potential conflicts
19:16:39.910 [Test worker] INFO org.springframework.test.context.support.AnnotationConfigContextLoaderUtils -- Could not detect default configuration classes for test class [com.algaworks.algashop.ordering.infrastructure.persistence.provider.ShoppingCartsPersistenceProviderTest]: ShoppingCartsPersistenceProviderTest does not declare any static, non-private, non-final, nested classes annotated with @Configuration.
19:16:40.069 [Test worker] INFO org.springframework.boot.test.context.SpringBootTestContextBootstrapper -- Found @SpringBootConfiguration com.algaworks.algashop.ordering.OrderingApplication for test class com.algaworks.algashop.ordering.infrastructure.persistence.provider.ShoppingCartsPersistenceProviderTest

  .   ____          _            __ _ _
 /\\ / ___'_ __ _ _(_)_ __  __ _ \ \ \ \
( ( )\___ | '_ | '_| | '_ \/ _` | \ \ \ \
 \\/  ___)| |_)| | | | | || (_| |  ) ) ) )
  '  |____| .__|_| |_|_| |_\__, | / / / /
 =========|_|==============|___/=/_/_/_/

 :: Spring Boot ::                (v3.4.7)

2025-10-01T19:16:40.463-03:00  INFO 209006 --- [ordering] [    Test worker] p.p.ShoppingCartsPersistenceProviderTest : Starting ShoppingCartsPersistenceProviderTest using Java 21.0.6 with PID 209006 (started by marco in /home/marco/projetos/EMS/algashop/microsservices/algashop-ordering)
2025-10-01T19:16:40.465-03:00  INFO 209006 --- [ordering] [    Test worker] p.p.ShoppingCartsPersistenceProviderTest : The following 1 profile is active: "test"
2025-10-01T19:16:40.828-03:00  INFO 209006 --- [ordering] [    Test worker] .s.d.r.c.RepositoryConfigurationDelegate : Bootstrapping Spring Data JPA repositories in DEFAULT mode.
2025-10-01T19:16:40.892-03:00  INFO 209006 --- [ordering] [    Test worker] .s.d.r.c.RepositoryConfigurationDelegate : Finished Spring Data repository scanning in 56 ms. Found 3 JPA repository interfaces.
2025-10-01T19:16:40.943-03:00  INFO 209006 --- [ordering] [    Test worker] beddedDataSourceBeanFactoryPostProcessor : Replacing 'dataSource' DataSource bean with embedded version
2025-10-01T19:16:41.014-03:00  INFO 209006 --- [ordering] [    Test worker] o.s.j.d.e.EmbeddedDatabaseFactory        : Starting embedded database: url='jdbc:h2:mem:34246b3b-ab4b-4184-9ddb-c813bc8fe48a;DB_CLOSE_DELAY=-1;DB_CLOSE_ON_EXIT=false', username='sa'
2025-10-01T19:16:41.210-03:00  INFO 209006 --- [ordering] [    Test worker] o.hibernate.jpa.internal.util.LogHelper  : HHH000204: Processing PersistenceUnitInfo [name: default]
2025-10-01T19:16:41.248-03:00  INFO 209006 --- [ordering] [    Test worker] org.hibernate.Version                    : HHH000412: Hibernate ORM core version 6.6.18.Final
2025-10-01T19:16:41.271-03:00  INFO 209006 --- [ordering] [    Test worker] o.h.c.internal.RegionFactoryInitiator    : HHH000026: Second-level cache disabled
2025-10-01T19:16:41.476-03:00  INFO 209006 --- [ordering] [    Test worker] o.s.o.j.p.SpringPersistenceUnitInfo      : No LoadTimeWeaver setup: ignoring JPA class transformer
2025-10-01T19:16:41.510-03:00  WARN 209006 --- [ordering] [    Test worker] org.hibernate.orm.deprecation            : HHH90000025: H2Dialect does not need to be specified explicitly using 'hibernate.dialect' (remove the property setting and it will be selected by default)
2025-10-01T19:16:41.522-03:00  INFO 209006 --- [ordering] [    Test worker] org.hibernate.orm.connections.pooling    : HHH10001005: Database info:
	Database JDBC URL [Connecting through datasource 'org.springframework.jdbc.datasource.embedded.EmbeddedDatabaseFactory$EmbeddedDataSourceProxy@640a8f93']
	Database driver: undefined/unknown
	Database version: 2.3.232
	Autocommit mode: undefined/unknown
	Isolation level: undefined/unknown
	Minimum pool size: undefined/unknown
	Maximum pool size: undefined/unknown
2025-10-01T19:16:42.284-03:00  INFO 209006 --- [ordering] [    Test worker] o.h.e.t.j.p.i.JtaPlatformInitiator       : HHH000489: No JTA platform available (set 'hibernate.transaction.jta.platform' to enable JTA platform integration)
Hibernate: create table customer_persistence_entity (id uuid not null, city varchar(255), complement varchar(255), neighborhood varchar(255), number varchar(255), state varchar(255), street varchar(255), zip_code varchar(255), archived boolean, archived_at timestamp(6) with time zone, birth_date date, create_by_user_id uuid, document varchar(255), email varchar(255), first_name varchar(255), last_modified_at timestamp(6) with time zone, last_modified_by_user uuid, last_name varchar(255), loyalt_points integer, phone varchar(255), promotion_notifications_allowed boolean, registered_at timestamp(6) with time zone, version bigint, primary key (id))
Hibernate: create table "order" (id bigint not null, billing_address_city varchar(255), billing_address_complement varchar(255), billing_address_neighborhood varchar(255), billing_address_number varchar(255), billing_address_state varchar(255), billing_address_street varchar(255), billing_address_zip_code varchar(255), billing_document varchar(255), email varchar(255), billing_first_name varchar(255), billing_last_name varchar(255), billing_phone varchar(255), canceled_at timestamp(6) with time zone, create_by_user_id uuid, last_modified_at timestamp(6) with time zone, last_modified_by_user_id uuid, paid_at timestamp(6) with time zone, payment_method varchar(255), placed_at timestamp(6) with time zone, ready_at timestamp(6) with time zone, shipping_address_city varchar(255), shipping_address_complement varchar(255), shipping_address_neighborhood varchar(255), shipping_address_number varchar(255), shipping_address_state varchar(255), shipping_address_street varchar(255), shipping_address_zip_code varchar(255), shipping_cost numeric(38,2), shipping_expected_date date, shipping_recipient_document varchar(255), shipping_recipient_first_name varchar(255), shipping_recipient_last_name varchar(255), shipping_recipient_phone varchar(255), status varchar(255), total_amount numeric(38,2), total_items integer, version bigint, customer_id uuid not null, primary key (id))
Hibernate: create table order_item (id bigint not null, price numeric(38,2), product_id uuid, product_name varchar(255), quantity integer, total_amount numeric(38,2), "order_id" bigint not null, primary key (id))
Hibernate: create table "shopping_cart" (id uuid not null, created_at timestamp(6) with time zone, created_by_user_id uuid, last_modified_at timestamp(6) with time zone, last_modified_by_user_id uuid, total_amount numeric(38,2), total_items integer, version bigint, customer_id uuid not null, primary key (id))
Hibernate: create table shopping_cart_item (id uuid not null, available boolean, created_at timestamp(6) with time zone, created_by_user_id uuid, last_modified_at timestamp(6) with time zone, last_modified_by_user_id uuid, name varchar(255), price numeric(38,2), product_id uuid, quantity integer, total_amount numeric(38,2), version bigint, "shopping_cart_id" uuid not null, primary key (id))
Hibernate: alter table if exists "order" add constraint FKa9ajwn6xa5c41i013kempf058 foreign key (customer_id) references customer_persistence_entity
Hibernate: alter table if exists order_item add constraint FKsgmrolp8skulmo2vyb20c4mfk foreign key ("order_id") references "order"
Hibernate: alter table if exists "shopping_cart" add constraint FK6b17ahw31id1a481w8ijbxlx9 foreign key (customer_id) references customer_persistence_entity
Hibernate: alter table if exists shopping_cart_item add constraint FKsqefhxject71i5aea80s5vui9 foreign key ("shopping_cart_id") references "shopping_cart"
2025-10-01T19:16:42.334-03:00  INFO 209006 --- [ordering] [    Test worker] j.LocalContainerEntityManagerFactoryBean : Initialized JPA EntityManagerFactory for persistence unit 'default'
2025-10-01T19:16:42.636-03:00  INFO 209006 --- [ordering] [    Test worker] o.s.d.j.r.query.QueryEnhancerFactory     : Hibernate is in classpath; If applicable, HQL parser will be used.
2025-10-01T19:16:43.775-03:00  INFO 209006 --- [ordering] [    Test worker] p.p.ShoppingCartsPersistenceProviderTest : Started ShoppingCartsPersistenceProviderTest in 3.645 seconds (process running for 4.661)
]]></system-out>
  <system-err><![CDATA[]]></system-err>
</testsuite>
