<?xml version="1.0" encoding="UTF-8"?>
<testsuite name="com.algaworks.algashop.ordering.domain.model.commons.BirthDateTest" tests="4" skipped="0" failures="0" errors="0" timestamp="2025-10-01T22:16:43.987Z" hostname="marco-Inspiron-3583" time="0.007">
  <properties/>
  <testcase name="quando_passar_data_futura_entao_lancar_excecao()" classname="com.algaworks.algashop.ordering.domain.model.commons.BirthDateTest" time="0.001"/>
  <testcase name="quando_passar_data_nascimento_em_abril_2020_deve_retornar_5_anos()" classname="com.algaworks.algashop.ordering.domain.model.commons.BirthDateTest" time="0.002"/>
  <testcase name="quando_passar_data_igual_nula_entao_lancar_excecao()" classname="com.algaworks.algashop.ordering.domain.model.commons.BirthDateTest" time="0.001"/>
  <testcase name="quando_criar_data_correta_entao_retorne_data()" classname="com.algaworks.algashop.ordering.domain.model.commons.BirthDateTest" time="0.001"/>
  <system-out><![CDATA[]]></system-out>
  <system-err><![CDATA[]]></system-err>
</testsuite>
