<?xml version="1.0" encoding="UTF-8"?>
<testsuite name="com.algaworks.algashop.ordering.infrastructure.persistence.provider.CustomerPersistenceProviderTest" tests="1" skipped="0" failures="0" errors="0" timestamp="2025-10-01T22:16:47.399Z" hostname="marco-Inspiron-3583" time="0.021">
  <properties/>
  <testcase name="devePersistirCustomer()" classname="com.algaworks.algashop.ordering.infrastructure.persistence.provider.CustomerPersistenceProviderTest" time="0.021"/>
  <system-out><![CDATA[2025-10-01T19:16:47.374-03:00  INFO 209006 --- [ordering] [    Test worker] t.c.s.AnnotationConfigContextLoaderUtils : Could not detect default configuration classes for test class [com.algaworks.algashop.ordering.infrastructure.persistence.provider.CustomerPersistenceProviderTest]: CustomerPersistenceProviderTest does not declare any static, non-private, non-final, nested classes annotated with @Configuration.
2025-10-01T19:16:47.396-03:00  INFO 209006 --- [ordering] [    Test worker] .b.t.c.SpringBootTestContextBootstrapper : Found @SpringBootConfiguration com.algaworks.algashop.ordering.OrderingApplication for test class com.algaworks.algashop.ordering.infrastructure.persistence.provider.CustomerPersistenceProviderTest
Hibernate: select cpe1_0.id,cpe1_0.city,cpe1_0.complement,cpe1_0.neighborhood,cpe1_0.number,cpe1_0.state,cpe1_0.street,cpe1_0.zip_code,cpe1_0.archived,cpe1_0.archived_at,cpe1_0.birth_date,cpe1_0.create_by_user_id,cpe1_0.document,cpe1_0.email,cpe1_0.first_name,cpe1_0.last_modified_at,cpe1_0.last_modified_by_user,cpe1_0.last_name,cpe1_0.loyalt_points,cpe1_0.phone,cpe1_0.promotion_notifications_allowed,cpe1_0.registered_at,cpe1_0.version from customer_persistence_entity cpe1_0 where cpe1_0.id=?
Hibernate: insert into customer_persistence_entity (city,complement,neighborhood,number,state,street,zip_code,archived,archived_at,birth_date,create_by_user_id,document,email,first_name,last_modified_at,last_modified_by_user,last_name,loyalt_points,phone,promotion_notifications_allowed,registered_at,version,id) values (?,?,?,?,?,?,?,?,?,?,?,?,?,?,?,?,?,?,?,?,?,?,?)
Hibernate: select count(*) from customer_persistence_entity cpe1_0
]]></system-out>
  <system-err><![CDATA[]]></system-err>
</testsuite>
