<?xml version="1.0" encoding="UTF-8"?>
<testsuite name="com.algaworks.algashop.ordering.infrastructure.persistence.repository.OrderPersistenceEntityRepositoryTest" tests="4" skipped="0" failures="0" errors="0" timestamp="2025-10-01T22:16:48.423Z" hostname="marco-Inspiron-3583" time="0.06">
  <properties/>
  <testcase name="shouldPersistAndSaveAudit()" classname="com.algaworks.algashop.ordering.infrastructure.persistence.repository.OrderPersistenceEntityRepositoryTest" time="0.029"/>
  <testcase name="shouldPersist()" classname="com.algaworks.algashop.ordering.infrastructure.persistence.repository.OrderPersistenceEntityRepositoryTest" time="0.011"/>
  <testcase name="shouldCount()" classname="com.algaworks.algashop.ordering.infrastructure.persistence.repository.OrderPersistenceEntityRepositoryTest" time="0.007"/>
  <testcase name="shouldFind()" classname="com.algaworks.algashop.ordering.infrastructure.persistence.repository.OrderPersistenceEntityRepositoryTest" time="0.01"/>
  <system-out><![CDATA[2025-10-01T19:16:48.157-03:00  INFO 209006 --- [ordering] [    Test worker] t.c.s.AnnotationConfigContextLoaderUtils : Could not detect default configuration classes for test class [com.algaworks.algashop.ordering.infrastructure.persistence.repository.OrderPersistenceEntityRepositoryTest]: OrderPersistenceEntityRepositoryTest does not declare any static, non-private, non-final, nested classes annotated with @Configuration.
2025-10-01T19:16:48.164-03:00  INFO 209006 --- [ordering] [    Test worker] .b.t.c.SpringBootTestContextBootstrapper : Found @SpringBootConfiguration com.algaworks.algashop.ordering.OrderingApplication for test class com.algaworks.algashop.ordering.infrastructure.persistence.repository.OrderPersistenceEntityRepositoryTest

  .   ____          _            __ _ _
 /\\ / ___'_ __ _ _(_)_ __  __ _ \ \ \ \
( ( )\___ | '_ | '_| | '_ \/ _` | \ \ \ \
 \\/  ___)| |_)| | | | | || (_| |  ) ) ) )
  '  |____| .__|_| |_|_| |_\__, | / / / /
 =========|_|==============|___/=/_/_/_/

 :: Spring Boot ::                (v3.4.7)

2025-10-01T19:16:48.183-03:00  INFO 209006 --- [ordering] [    Test worker] p.r.OrderPersistenceEntityRepositoryTest : Starting OrderPersistenceEntityRepositoryTest using Java 21.0.6 with PID 209006 (started by marco in /home/marco/projetos/EMS/algashop/microsservices/algashop-ordering)
2025-10-01T19:16:48.183-03:00  INFO 209006 --- [ordering] [    Test worker] p.r.OrderPersistenceEntityRepositoryTest : The following 1 profile is active: "test"
2025-10-01T19:16:48.239-03:00  INFO 209006 --- [ordering] [    Test worker] .s.d.r.c.RepositoryConfigurationDelegate : Bootstrapping Spring Data JPA repositories in DEFAULT mode.
2025-10-01T19:16:48.252-03:00  INFO 209006 --- [ordering] [    Test worker] .s.d.r.c.RepositoryConfigurationDelegate : Finished Spring Data repository scanning in 11 ms. Found 3 JPA repository interfaces.
2025-10-01T19:16:48.289-03:00  INFO 209006 --- [ordering] [    Test worker] o.hibernate.jpa.internal.util.LogHelper  : HHH000204: Processing PersistenceUnitInfo [name: default]
2025-10-01T19:16:48.291-03:00  INFO 209006 --- [ordering] [    Test worker] o.h.c.internal.RegionFactoryInitiator    : HHH000026: Second-level cache disabled
2025-10-01T19:16:48.297-03:00  INFO 209006 --- [ordering] [    Test worker] o.s.o.j.p.SpringPersistenceUnitInfo      : No LoadTimeWeaver setup: ignoring JPA class transformer
2025-10-01T19:16:48.298-03:00  INFO 209006 --- [ordering] [    Test worker] com.zaxxer.hikari.HikariDataSource       : HikariPool-2 - Starting...
2025-10-01T19:16:48.299-03:00  INFO 209006 --- [ordering] [    Test worker] com.zaxxer.hikari.pool.HikariPool        : HikariPool-2 - Added connection conn45: url=jdbc:h2:mem:ordering-test user=SA
2025-10-01T19:16:48.299-03:00  INFO 209006 --- [ordering] [    Test worker] com.zaxxer.hikari.HikariDataSource       : HikariPool-2 - Start completed.
2025-10-01T19:16:48.299-03:00  WARN 209006 --- [ordering] [    Test worker] org.hibernate.orm.deprecation            : HHH90000025: H2Dialect does not need to be specified explicitly using 'hibernate.dialect' (remove the property setting and it will be selected by default)
2025-10-01T19:16:48.300-03:00  INFO 209006 --- [ordering] [    Test worker] org.hibernate.orm.connections.pooling    : HHH10001005: Database info:
	Database JDBC URL [Connecting through datasource 'HikariDataSource (HikariPool-2)']
	Database driver: undefined/unknown
	Database version: 2.3.232
	Autocommit mode: undefined/unknown
	Isolation level: undefined/unknown
	Minimum pool size: undefined/unknown
	Maximum pool size: undefined/unknown
2025-10-01T19:16:48.353-03:00  INFO 209006 --- [ordering] [    Test worker] o.h.e.t.j.p.i.JtaPlatformInitiator       : HHH000489: No JTA platform available (set 'hibernate.transaction.jta.platform' to enable JTA platform integration)
2025-10-01T19:16:48.364-03:00  INFO 209006 --- [ordering] [    Test worker] j.LocalContainerEntityManagerFactoryBean : Initialized JPA EntityManagerFactory for persistence unit 'default'
2025-10-01T19:16:48.421-03:00  INFO 209006 --- [ordering] [    Test worker] p.r.OrderPersistenceEntityRepositoryTest : Started OrderPersistenceEntityRepositoryTest in 0.254 seconds (process running for 9.307)
Hibernate: select count(*) from customer_persistence_entity cpe1_0 where cpe1_0.id=?
Hibernate: insert into customer_persistence_entity (city,complement,neighborhood,number,state,street,zip_code,archived,archived_at,birth_date,create_by_user_id,document,email,first_name,last_modified_at,last_modified_by_user,last_name,loyalt_points,phone,promotion_notifications_allowed,registered_at,version,id) values (?,?,?,?,?,?,?,?,?,?,?,?,?,?,?,?,?,?,?,?,?,?,?)
Hibernate: insert into "order" (billing_address_city,billing_address_complement,billing_address_neighborhood,billing_address_number,billing_address_state,billing_address_street,billing_address_zip_code,billing_document,email,billing_first_name,billing_last_name,billing_phone,canceled_at,create_by_user_id,customer_id,last_modified_at,last_modified_by_user_id,paid_at,payment_method,placed_at,ready_at,shipping_address_city,shipping_address_complement,shipping_address_neighborhood,shipping_address_number,shipping_address_state,shipping_address_street,shipping_address_zip_code,shipping_cost,shipping_expected_date,shipping_recipient_document,shipping_recipient_first_name,shipping_recipient_last_name,shipping_recipient_phone,status,total_amount,total_items,version,id) values (?,?,?,?,?,?,?,?,?,?,?,?,?,?,?,?,?,?,?,?,?,?,?,?,?,?,?,?,?,?,?,?,?,?,?,?,?,?,?)
Hibernate: insert into order_item ("order_id",price,product_id,product_name,quantity,total_amount,id) values (?,?,?,?,?,?,?)
Hibernate: insert into order_item ("order_id",price,product_id,product_name,quantity,total_amount,id) values (?,?,?,?,?,?,?)
Hibernate: select count(*) from customer_persistence_entity cpe1_0 where cpe1_0.id=?
Hibernate: insert into customer_persistence_entity (city,complement,neighborhood,number,state,street,zip_code,archived,archived_at,birth_date,create_by_user_id,document,email,first_name,last_modified_at,last_modified_by_user,last_name,loyalt_points,phone,promotion_notifications_allowed,registered_at,version,id) values (?,?,?,?,?,?,?,?,?,?,?,?,?,?,?,?,?,?,?,?,?,?,?)
Hibernate: insert into "order" (billing_address_city,billing_address_complement,billing_address_neighborhood,billing_address_number,billing_address_state,billing_address_street,billing_address_zip_code,billing_document,email,billing_first_name,billing_last_name,billing_phone,canceled_at,create_by_user_id,customer_id,last_modified_at,last_modified_by_user_id,paid_at,payment_method,placed_at,ready_at,shipping_address_city,shipping_address_complement,shipping_address_neighborhood,shipping_address_number,shipping_address_state,shipping_address_street,shipping_address_zip_code,shipping_cost,shipping_expected_date,shipping_recipient_document,shipping_recipient_first_name,shipping_recipient_last_name,shipping_recipient_phone,status,total_amount,total_items,version,id) values (?,?,?,?,?,?,?,?,?,?,?,?,?,?,?,?,?,?,?,?,?,?,?,?,?,?,?,?,?,?,?,?,?,?,?,?,?,?,?)
Hibernate: insert into order_item ("order_id",price,product_id,product_name,quantity,total_amount,id) values (?,?,?,?,?,?,?)
Hibernate: insert into order_item ("order_id",price,product_id,product_name,quantity,total_amount,id) values (?,?,?,?,?,?,?)
Hibernate: select count(*) from "order" ope1_0 where ope1_0.id=?
Hibernate: select count(*) from customer_persistence_entity cpe1_0 where cpe1_0.id=?
Hibernate: insert into customer_persistence_entity (city,complement,neighborhood,number,state,street,zip_code,archived,archived_at,birth_date,create_by_user_id,document,email,first_name,last_modified_at,last_modified_by_user,last_name,loyalt_points,phone,promotion_notifications_allowed,registered_at,version,id) values (?,?,?,?,?,?,?,?,?,?,?,?,?,?,?,?,?,?,?,?,?,?,?)
Hibernate: select count(*) from "order" ope1_0
Hibernate: select count(*) from customer_persistence_entity cpe1_0 where cpe1_0.id=?
Hibernate: insert into customer_persistence_entity (city,complement,neighborhood,number,state,street,zip_code,archived,archived_at,birth_date,create_by_user_id,document,email,first_name,last_modified_at,last_modified_by_user,last_name,loyalt_points,phone,promotion_notifications_allowed,registered_at,version,id) values (?,?,?,?,?,?,?,?,?,?,?,?,?,?,?,?,?,?,?,?,?,?,?)
Hibernate: insert into "order" (billing_address_city,billing_address_complement,billing_address_neighborhood,billing_address_number,billing_address_state,billing_address_street,billing_address_zip_code,billing_document,email,billing_first_name,billing_last_name,billing_phone,canceled_at,create_by_user_id,customer_id,last_modified_at,last_modified_by_user_id,paid_at,payment_method,placed_at,ready_at,shipping_address_city,shipping_address_complement,shipping_address_neighborhood,shipping_address_number,shipping_address_state,shipping_address_street,shipping_address_zip_code,shipping_cost,shipping_expected_date,shipping_recipient_document,shipping_recipient_first_name,shipping_recipient_last_name,shipping_recipient_phone,status,total_amount,total_items,version,id) values (?,?,?,?,?,?,?,?,?,?,?,?,?,?,?,?,?,?,?,?,?,?,?,?,?,?,?,?,?,?,?,?,?,?,?,?,?,?,?)
]]></system-out>
  <system-err><![CDATA[]]></system-err>
</testsuite>
