<?xml version="1.0" encoding="UTF-8"?>
<testsuite name="com.algaworks.algashop.ordering.infrastructure.persistence.provider.ShoppingCartUpdateProviderTest" tests="1" skipped="0" failures="1" errors="0" timestamp="2025-09-24T00:52:53.207Z" hostname="marco-Inspiron-3583" time="0.427">
  <properties/>
  <testcase name="shouldUpdateItemPriceAndTotalAmount()" classname="com.algaworks.algashop.ordering.infrastructure.persistence.provider.ShoppingCartUpdateProviderTest" time="0.427">
    <failure message="org.opentest4j.AssertionFailedError: &#10;expected: Money[value=3200.00]&#10; but was: Money[value=2200.00]" type="org.opentest4j.AssertionFailedError">org.opentest4j.AssertionFailedError: 
expected: Money[value=3200.00]
 but was: Money[value=2200.00]
	at app//com.algaworks.algashop.ordering.infrastructure.persistence.provider.ShoppingCartUpdateProviderTest.shouldUpdateItemPriceAndTotalAmount(ShoppingCartsUpdateProviderTest.java:90)
	at java.base@21.0.6/java.lang.reflect.Method.invoke(Method.java:580)
	at java.base@21.0.6/java.util.ArrayList.forEach(ArrayList.java:1596)
	at java.base@21.0.6/java.util.ArrayList.forEach(ArrayList.java:1596)
</failure>
  </testcase>
  <system-out><![CDATA[Standard Commons Logging discovery in action with spring-jcl: please remove commons-logging.jar from classpath in order to avoid potential conflicts
21:52:49.506 [Test worker] INFO org.springframework.test.context.support.AnnotationConfigContextLoaderUtils -- Could not detect default configuration classes for test class [com.algaworks.algashop.ordering.infrastructure.persistence.provider.ShoppingCartUpdateProviderTest]: ShoppingCartUpdateProviderTest does not declare any static, non-private, non-final, nested classes annotated with @Configuration.
21:52:49.623 [Test worker] INFO org.springframework.boot.test.context.SpringBootTestContextBootstrapper -- Found @SpringBootConfiguration com.algaworks.algashop.ordering.OrderingApplication for test class com.algaworks.algashop.ordering.infrastructure.persistence.provider.ShoppingCartUpdateProviderTest

  .   ____          _            __ _ _
 /\\ / ___'_ __ _ _(_)_ __  __ _ \ \ \ \
( ( )\___ | '_ | '_| | '_ \/ _` | \ \ \ \
 \\/  ___)| |_)| | | | | || (_| |  ) ) ) )
  '  |____| .__|_| |_|_| |_\__, | / / / /
 =========|_|==============|___/=/_/_/_/

 :: Spring Boot ::                (v3.4.7)

2025-09-23T21:52:49.961-03:00  INFO 21120 --- [ordering] [    Test worker] a.o.i.p.p.ShoppingCartUpdateProviderTest : Starting ShoppingCartUpdateProviderTest using Java 21.0.6 with PID 21120 (started by marco in /home/marco/projetos/EMS/algashop/microsservices/algashop-ordering)
2025-09-23T21:52:49.962-03:00  INFO 21120 --- [ordering] [    Test worker] a.o.i.p.p.ShoppingCartUpdateProviderTest : The following 1 profile is active: "test"
2025-09-23T21:52:50.337-03:00  INFO 21120 --- [ordering] [    Test worker] .s.d.r.c.RepositoryConfigurationDelegate : Bootstrapping Spring Data JPA repositories in DEFAULT mode.
2025-09-23T21:52:50.389-03:00  INFO 21120 --- [ordering] [    Test worker] .s.d.r.c.RepositoryConfigurationDelegate : Finished Spring Data repository scanning in 45 ms. Found 3 JPA repository interfaces.
2025-09-23T21:52:50.428-03:00  INFO 21120 --- [ordering] [    Test worker] beddedDataSourceBeanFactoryPostProcessor : Replacing 'dataSource' DataSource bean with embedded version
2025-09-23T21:52:50.554-03:00  INFO 21120 --- [ordering] [    Test worker] o.s.j.d.e.EmbeddedDatabaseFactory        : Starting embedded database: url='jdbc:h2:mem:1a419194-e8bf-43df-bd82-baef1a6e48ed;DB_CLOSE_DELAY=-1;DB_CLOSE_ON_EXIT=false', username='sa'
2025-09-23T21:52:50.751-03:00  INFO 21120 --- [ordering] [    Test worker] o.hibernate.jpa.internal.util.LogHelper  : HHH000204: Processing PersistenceUnitInfo [name: default]
2025-09-23T21:52:50.781-03:00  INFO 21120 --- [ordering] [    Test worker] org.hibernate.Version                    : HHH000412: Hibernate ORM core version 6.6.18.Final
2025-09-23T21:52:50.812-03:00  INFO 21120 --- [ordering] [    Test worker] o.h.c.internal.RegionFactoryInitiator    : HHH000026: Second-level cache disabled
2025-09-23T21:52:50.998-03:00  INFO 21120 --- [ordering] [    Test worker] o.s.o.j.p.SpringPersistenceUnitInfo      : No LoadTimeWeaver setup: ignoring JPA class transformer
2025-09-23T21:52:51.034-03:00  WARN 21120 --- [ordering] [    Test worker] org.hibernate.orm.deprecation            : HHH90000025: H2Dialect does not need to be specified explicitly using 'hibernate.dialect' (remove the property setting and it will be selected by default)
2025-09-23T21:52:51.049-03:00  INFO 21120 --- [ordering] [    Test worker] org.hibernate.orm.connections.pooling    : HHH10001005: Database info:
	Database JDBC URL [Connecting through datasource 'org.springframework.jdbc.datasource.embedded.EmbeddedDatabaseFactory$EmbeddedDataSourceProxy@1fc1c7e']
	Database driver: undefined/unknown
	Database version: 2.3.232
	Autocommit mode: undefined/unknown
	Isolation level: undefined/unknown
	Minimum pool size: undefined/unknown
	Maximum pool size: undefined/unknown
2025-09-23T21:52:51.744-03:00  INFO 21120 --- [ordering] [    Test worker] o.h.e.t.j.p.i.JtaPlatformInitiator       : HHH000489: No JTA platform available (set 'hibernate.transaction.jta.platform' to enable JTA platform integration)
Hibernate: create table customer_persistence_entity (id uuid not null, city varchar(255), complement varchar(255), neighborhood varchar(255), number varchar(255), state varchar(255), street varchar(255), zip_code varchar(255), archived boolean, archived_at timestamp(6) with time zone, birth_date date, create_by_user_id uuid, document varchar(255), email varchar(255), first_name varchar(255), last_modified_at timestamp(6) with time zone, last_modified_by_user uuid, last_name varchar(255), loyalt_points integer, phone varchar(255), promotion_notifications_allowed boolean, registered_at timestamp(6) with time zone, version bigint, primary key (id))
Hibernate: create table "order" (id bigint not null, billing_address_city varchar(255), billing_address_complement varchar(255), billing_address_neighborhood varchar(255), billing_address_number varchar(255), billing_address_state varchar(255), billing_address_street varchar(255), billing_address_zip_code varchar(255), billing_document varchar(255), email varchar(255), billing_first_name varchar(255), billing_last_name varchar(255), billing_phone varchar(255), canceled_at timestamp(6) with time zone, create_by_user_id uuid, last_modified_at timestamp(6) with time zone, last_modified_by_user_id uuid, paid_at timestamp(6) with time zone, payment_method varchar(255), placed_at timestamp(6) with time zone, ready_at timestamp(6) with time zone, shipping_address_city varchar(255), shipping_address_complement varchar(255), shipping_address_neighborhood varchar(255), shipping_address_number varchar(255), shipping_address_state varchar(255), shipping_address_street varchar(255), shipping_address_zip_code varchar(255), shipping_cost numeric(38,2), shipping_expected_date date, shipping_recipient_document varchar(255), shipping_recipient_first_name varchar(255), shipping_recipient_last_name varchar(255), shipping_recipient_phone varchar(255), status varchar(255), total_amount numeric(38,2), total_items integer, version bigint, customer_id uuid not null, primary key (id))
Hibernate: create table order_item (id bigint not null, price numeric(38,2), product_id uuid, product_name varchar(255), quantity integer, total_amount numeric(38,2), "order_id" bigint not null, primary key (id))
Hibernate: create table "shopping_cart" (id uuid not null, created_at timestamp(6) with time zone, created_by_user_id uuid, last_modified_at timestamp(6) with time zone, last_modified_by_user_id uuid, total_amount numeric(38,2), total_items integer, version bigint, customer_id uuid not null, primary key (id))
Hibernate: create table shopping_cart_item (id uuid not null, available boolean, created_at timestamp(6) with time zone, created_by_user_id uuid, last_modified_at timestamp(6) with time zone, last_modified_by_user_id uuid, name varchar(255), price numeric(38,2), product_id uuid, quantity integer, total_amount numeric(38,2), version bigint, "shopping_cart_id" uuid not null, primary key (id))
Hibernate: alter table if exists "order" add constraint FKa9ajwn6xa5c41i013kempf058 foreign key (customer_id) references customer_persistence_entity
Hibernate: alter table if exists order_item add constraint FKsgmrolp8skulmo2vyb20c4mfk foreign key ("order_id") references "order"
Hibernate: alter table if exists "shopping_cart" add constraint FK6b17ahw31id1a481w8ijbxlx9 foreign key (customer_id) references customer_persistence_entity
Hibernate: alter table if exists shopping_cart_item add constraint FKsqefhxject71i5aea80s5vui9 foreign key ("shopping_cart_id") references "shopping_cart"
2025-09-23T21:52:51.793-03:00  INFO 21120 --- [ordering] [    Test worker] j.LocalContainerEntityManagerFactoryBean : Initialized JPA EntityManagerFactory for persistence unit 'default'
2025-09-23T21:52:52.053-03:00  INFO 21120 --- [ordering] [    Test worker] o.s.d.j.r.query.QueryEnhancerFactory     : Hibernate is in classpath; If applicable, HQL parser will be used.
2025-09-23T21:52:53.194-03:00  INFO 21120 --- [ordering] [    Test worker] a.o.i.p.p.ShoppingCartUpdateProviderTest : Started ShoppingCartUpdateProviderTest in 3.514 seconds (process running for 4.342)
Hibernate: select count(*) from customer_persistence_entity cpe1_0 where cpe1_0.id=?
Hibernate: select cpe1_0.id,cpe1_0.city,cpe1_0.complement,cpe1_0.neighborhood,cpe1_0.number,cpe1_0.state,cpe1_0.street,cpe1_0.zip_code,cpe1_0.archived,cpe1_0.archived_at,cpe1_0.birth_date,cpe1_0.create_by_user_id,cpe1_0.document,cpe1_0.email,cpe1_0.first_name,cpe1_0.last_modified_at,cpe1_0.last_modified_by_user,cpe1_0.last_name,cpe1_0.loyalt_points,cpe1_0.phone,cpe1_0.promotion_notifications_allowed,cpe1_0.registered_at,cpe1_0.version from customer_persistence_entity cpe1_0 where cpe1_0.id=?
Hibernate: insert into customer_persistence_entity (city,complement,neighborhood,number,state,street,zip_code,archived,archived_at,birth_date,create_by_user_id,document,email,first_name,last_modified_at,last_modified_by_user,last_name,loyalt_points,phone,promotion_notifications_allowed,registered_at,version,id) values (?,?,?,?,?,?,?,?,?,?,?,?,?,?,?,?,?,?,?,?,?,?,?)
Hibernate: select scpe1_0.id,scpe1_0.created_at,scpe1_0.created_by_user_id,scpe1_0.customer_id,c1_0.id,c1_0.city,c1_0.complement,c1_0.neighborhood,c1_0.number,c1_0.state,c1_0.street,c1_0.zip_code,c1_0.archived,c1_0.archived_at,c1_0.birth_date,c1_0.create_by_user_id,c1_0.document,c1_0.email,c1_0.first_name,c1_0.last_modified_at,c1_0.last_modified_by_user,c1_0.last_name,c1_0.loyalt_points,c1_0.phone,c1_0.promotion_notifications_allowed,c1_0.registered_at,c1_0.version,scpe1_0.last_modified_at,scpe1_0.last_modified_by_user_id,scpe1_0.total_amount,scpe1_0.total_items,scpe1_0.version from "shopping_cart" scpe1_0 join customer_persistence_entity c1_0 on c1_0.id=scpe1_0.customer_id where scpe1_0.id=?
Hibernate: insert into "shopping_cart" (created_at,created_by_user_id,customer_id,last_modified_at,last_modified_by_user_id,total_amount,total_items,version,id) values (?,?,?,?,?,?,?,?,?)
Hibernate: insert into shopping_cart_item (available,created_at,created_by_user_id,last_modified_at,last_modified_by_user_id,name,price,product_id,quantity,"shopping_cart_id",total_amount,version,id) values (?,?,?,?,?,?,?,?,?,?,?,?,?)
Hibernate: insert into shopping_cart_item (available,created_at,created_by_user_id,last_modified_at,last_modified_by_user_id,name,price,product_id,quantity,"shopping_cart_id",total_amount,version,id) values (?,?,?,?,?,?,?,?,?,?,?,?,?)
Hibernate: update shopping_cart_item scipe1_0 set price=?,total_amount=(cast(? as numeric(6,2))*scipe1_0.quantity) where scipe1_0.product_id=?
Hibernate: update "shopping_cart" scpe1_0 set total_amount=(select sum(scipe1_0.total_amount) from shopping_cart_item scipe1_0 where scipe1_0."shopping_cart_id"=scpe1_0.id) where exists(select 1 from shopping_cart_item scipe2_0 where scipe2_0."shopping_cart_id"=scpe1_0.id and scipe2_0.product_id=?)
Hibernate: select scpe1_0.id,scpe1_0.created_at,scpe1_0.created_by_user_id,scpe1_0.customer_id,c1_0.id,c1_0.city,c1_0.complement,c1_0.neighborhood,c1_0.number,c1_0.state,c1_0.street,c1_0.zip_code,c1_0.archived,c1_0.archived_at,c1_0.birth_date,c1_0.create_by_user_id,c1_0.document,c1_0.email,c1_0.first_name,c1_0.last_modified_at,c1_0.last_modified_by_user,c1_0.last_name,c1_0.loyalt_points,c1_0.phone,c1_0.promotion_notifications_allowed,c1_0.registered_at,c1_0.version,scpe1_0.last_modified_at,scpe1_0.last_modified_by_user_id,scpe1_0.total_amount,scpe1_0.total_items,scpe1_0.version from "shopping_cart" scpe1_0 join customer_persistence_entity c1_0 on c1_0.id=scpe1_0.customer_id where scpe1_0.id=?
Hibernate: select i1_0."shopping_cart_id",i1_0.id,i1_0.available,i1_0.created_at,i1_0.created_by_user_id,i1_0.last_modified_at,i1_0.last_modified_by_user_id,i1_0.name,i1_0.price,i1_0.product_id,i1_0.quantity,i1_0.total_amount,i1_0.version from shopping_cart_item i1_0 where i1_0."shopping_cart_id"=?
2025-09-23T21:52:53.624-03:00  INFO 21120 --- [ordering] [    Test worker] j.LocalContainerEntityManagerFactoryBean : Closing JPA EntityManagerFactory for persistence unit 'default'
]]></system-out>
  <system-err><![CDATA[]]></system-err>
</testsuite>
