<?xml version="1.0" encoding="UTF-8"?>
<testsuite name="com.algaworks.algashop.ordering.domain.model.commons.CustomerIdTest" tests="1" skipped="0" failures="0" errors="0" timestamp="2025-10-01T22:16:43.996Z" hostname="marco-Inspiron-3583" time="0.001">
  <properties/>
  <testcase name="quando_criar_customerId_nulo_lancar_excecao()" classname="com.algaworks.algashop.ordering.domain.model.commons.CustomerIdTest" time="0.001"/>
  <system-out><![CDATA[]]></system-out>
  <system-err><![CDATA[]]></system-err>
</testsuite>
