<?xml version="1.0" encoding="UTF-8"?>
<testsuite name="com.algaworks.algashop.ordering.domain.model.valueobject.PhoneTest" tests="2" skipped="0" failures="0" errors="0" timestamp="2025-08-21T23:55:15.860Z" hostname="marco-Inspiron-3583" time="0.003">
  <properties/>
  <testcase name="quando_criar_phone_valido_entao_retornar_phone()" classname="com.algaworks.algashop.ordering.domain.model.valueobject.PhoneTest" time="0.001"/>
  <testcase name="quando_criar_phone_em_branco_ou_nulo_entao_lancar_excecao()" classname="com.algaworks.algashop.ordering.domain.model.valueobject.PhoneTest" time="0.002"/>
  <system-out><![CDATA[]]></system-out>
  <system-err><![CDATA[]]></system-err>
</testsuite>
