<?xml version="1.0" encoding="UTF-8"?>
<testsuite name="com.algaworks.algashop.ordering.domain.model.service.CustomerLoyaltyPointsServiceTest" tests="1" skipped="0" failures="0" errors="0" timestamp="2025-09-19T00:07:37.051Z" hostname="marco-Inspiron-3583" time="0.07">
  <properties/>
  <testcase name="deveValidarClienteEPedidoQuandoAdicionarPontosAcumulados()" classname="com.algaworks.algashop.ordering.domain.model.service.CustomerLoyaltyPointsServiceTest" time="0.07"/>
  <system-out><![CDATA[]]></system-out>
  <system-err><![CDATA[]]></system-err>
</testsuite>
