<?xml version="1.0" encoding="UTF-8"?>
<testsuite name="com.algaworks.algashop.ordering.domain.model.shoppingcart.ShoppingCartItemTest" tests="1" skipped="0" failures="0" errors="0" timestamp="2025-10-01T22:16:47.087Z" hostname="marco-Inspiron-3583" time="0.001">
  <properties/>
  <testcase name="dado_um_item_novo_quando_cadastrar_entao_calcular_total()" classname="com.algaworks.algashop.ordering.domain.model.shoppingcart.ShoppingCartItemTest" time="0.001"/>
  <system-out><![CDATA[]]></system-out>
  <system-err><![CDATA[]]></system-err>
</testsuite>
