<?xml version="1.0" encoding="UTF-8"?>
<testsuite name="com.algaworks.algashop.ordering.domain.model.commons.MoneyTest" tests="3" skipped="0" failures="0" errors="0" timestamp="2025-10-01T22:16:44.028Z" hostname="marco-Inspiron-3583" time="0.006">
  <properties/>
  <testcase name="quando_passar_valor_string_entao_arredondar_corretamente()" classname="com.algaworks.algashop.ordering.domain.model.commons.MoneyTest" time="0.003"/>
  <testcase name="quando_passar_valor_double_entao_arredondar_corretamente()" classname="com.algaworks.algashop.ordering.domain.model.commons.MoneyTest" time="0.001"/>
  <testcase name="quando_passar_valor_negativo_entao_lancar_excecao()" classname="com.algaworks.algashop.ordering.domain.model.commons.MoneyTest" time="0.001"/>
  <system-out><![CDATA[]]></system-out>
  <system-err><![CDATA[]]></system-err>
</testsuite>
