<?xml version="1.0" encoding="UTF-8"?>
<testsuite name="com.algaworks.algashop.ordering.domain.entity.ShoppingCartTest" tests="1" skipped="0" failures="0" errors="0" timestamp="2025-08-05T02:05:26.953Z" hostname="marco-Inspiron-3583" time="0.072">
  <properties/>
  <testcase name="dado_um_carrinho_quando_esvaziar_os_items_entao_validar_valores()" classname="com.algaworks.algashop.ordering.domain.entity.ShoppingCartTest" time="0.072"/>
  <system-out><![CDATA[]]></system-out>
  <system-err><![CDATA[]]></system-err>
</testsuite>
