<?xml version="1.0" encoding="UTF-8"?>
<testsuite name="com.algaworks.algashop.ordering.domain.model.repository.OrdersTest" tests="1" skipped="0" failures="0" errors="0" timestamp="2025-08-13T21:57:04.038Z" hostname="marco-Inspiron-3583" time="0.68">
  <properties/>
  <testcase name="deve_nao_permitir_update_simultaneos()" classname="com.algaworks.algashop.ordering.domain.model.repository.OrdersTest" time="0.68"/>
  <system-out><![CDATA[Standard Commons Logging discovery in action with spring-jcl: please remove commons-logging.jar from classpath in order to avoid potential conflicts
18:57:01.106 [Test worker] INFO org.springframework.test.context.support.AnnotationConfigContextLoaderUtils -- Could not detect default configuration classes for test class [com.algaworks.algashop.ordering.domain.model.repository.OrdersTest]: OrdersTest does not declare any static, non-private, non-final, nested classes annotated with @Configuration.
18:57:01.239 [Test worker] INFO org.springframework.boot.test.context.SpringBootTestContextBootstrapper -- Found @SpringBootConfiguration com.algaworks.algashop.ordering.OrderingApplication for test class com.algaworks.algashop.ordering.domain.model.repository.OrdersTest

  .   ____          _            __ _ _
 /\\ / ___'_ __ _ _(_)_ __  __ _ \ \ \ \
( ( )\___ | '_ | '_| | '_ \/ _` | \ \ \ \
 \\/  ___)| |_)| | | | | || (_| |  ) ) ) )
  '  |____| .__|_| |_|_| |_\__, | / / / /
 =========|_|==============|___/=/_/_/_/

 :: Spring Boot ::                (v3.4.7)

2025-08-13T18:57:01.683-03:00  INFO 265630 --- [ordering] [    Test worker] c.a.a.o.d.model.repository.OrdersTest    : Starting OrdersTest using Java 21.0.6 with PID 265630 (started by marco in /home/marco/projetos/EMS/algashop/microsservices/algashop-ordering)
2025-08-13T18:57:01.685-03:00  INFO 265630 --- [ordering] [    Test worker] c.a.a.o.d.model.repository.OrdersTest    : The following 1 profile is active: "test"
2025-08-13T18:57:02.128-03:00  INFO 265630 --- [ordering] [    Test worker] .s.d.r.c.RepositoryConfigurationDelegate : Bootstrapping Spring Data JPA repositories in DEFAULT mode.
2025-08-13T18:57:02.185-03:00  INFO 265630 --- [ordering] [    Test worker] .s.d.r.c.RepositoryConfigurationDelegate : Finished Spring Data repository scanning in 49 ms. Found 1 JPA repository interface.
2025-08-13T18:57:02.234-03:00  INFO 265630 --- [ordering] [    Test worker] beddedDataSourceBeanFactoryPostProcessor : Replacing 'dataSource' DataSource bean with embedded version
2025-08-13T18:57:02.345-03:00  INFO 265630 --- [ordering] [    Test worker] o.s.j.d.e.EmbeddedDatabaseFactory        : Starting embedded database: url='jdbc:h2:mem:65a2ec3a-1c79-487f-92d7-de3b6829ad2d;DB_CLOSE_DELAY=-1;DB_CLOSE_ON_EXIT=false', username='sa'
2025-08-13T18:57:02.607-03:00  INFO 265630 --- [ordering] [    Test worker] o.hibernate.jpa.internal.util.LogHelper  : HHH000204: Processing PersistenceUnitInfo [name: default]
2025-08-13T18:57:02.649-03:00  INFO 265630 --- [ordering] [    Test worker] org.hibernate.Version                    : HHH000412: Hibernate ORM core version 6.6.18.Final
2025-08-13T18:57:02.679-03:00  INFO 265630 --- [ordering] [    Test worker] o.h.c.internal.RegionFactoryInitiator    : HHH000026: Second-level cache disabled
2025-08-13T18:57:02.948-03:00  INFO 265630 --- [ordering] [    Test worker] o.s.o.j.p.SpringPersistenceUnitInfo      : No LoadTimeWeaver setup: ignoring JPA class transformer
2025-08-13T18:57:02.992-03:00  WARN 265630 --- [ordering] [    Test worker] org.hibernate.orm.deprecation            : HHH90000025: H2Dialect does not need to be specified explicitly using 'hibernate.dialect' (remove the property setting and it will be selected by default)
2025-08-13T18:57:03.009-03:00  INFO 265630 --- [ordering] [    Test worker] org.hibernate.orm.connections.pooling    : HHH10001005: Database info:
	Database JDBC URL [Connecting through datasource 'org.springframework.jdbc.datasource.embedded.EmbeddedDatabaseFactory$EmbeddedDataSourceProxy@690df641']
	Database driver: undefined/unknown
	Database version: 2.3.232
	Autocommit mode: undefined/unknown
	Isolation level: undefined/unknown
	Minimum pool size: undefined/unknown
	Maximum pool size: undefined/unknown
2025-08-13T18:57:03.704-03:00  INFO 265630 --- [ordering] [    Test worker] o.h.e.t.j.p.i.JtaPlatformInitiator       : HHH000489: No JTA platform available (set 'hibernate.transaction.jta.platform' to enable JTA platform integration)
Hibernate: create table "order" (id bigint not null, canceled_at timestamp(6) with time zone, create_by_user_id uuid, customer_id uuid, last_modified_at timestamp(6) with time zone, last_modified_by_user_id uuid, paid_at timestamp(6) with time zone, payment_method varchar(255), placed_at timestamp(6) with time zone, ready_at timestamp(6) with time zone, status varchar(255), total_amount numeric(38,2), total_items integer, version bigint, primary key (id))
2025-08-13T18:57:03.748-03:00  INFO 265630 --- [ordering] [    Test worker] j.LocalContainerEntityManagerFactoryBean : Initialized JPA EntityManagerFactory for persistence unit 'default'
2025-08-13T18:57:04.026-03:00  INFO 265630 --- [ordering] [    Test worker] c.a.a.o.d.model.repository.OrdersTest    : Started OrdersTest in 2.725 seconds (process running for 3.751)
Hibernate: select ope1_0.id,ope1_0.canceled_at,ope1_0.create_by_user_id,ope1_0.customer_id,ope1_0.last_modified_at,ope1_0.last_modified_by_user_id,ope1_0.paid_at,ope1_0.payment_method,ope1_0.placed_at,ope1_0.ready_at,ope1_0.status,ope1_0.total_amount,ope1_0.total_items,ope1_0.version from "order" ope1_0 where ope1_0.id=?
Hibernate: insert into "order" (canceled_at,create_by_user_id,customer_id,last_modified_at,last_modified_by_user_id,paid_at,payment_method,placed_at,ready_at,status,total_amount,total_items,version,id) values (?,?,?,?,?,?,?,?,?,?,?,?,?,?)
Hibernate: select ope1_0.id,ope1_0.canceled_at,ope1_0.create_by_user_id,ope1_0.customer_id,ope1_0.last_modified_at,ope1_0.last_modified_by_user_id,ope1_0.paid_at,ope1_0.payment_method,ope1_0.placed_at,ope1_0.ready_at,ope1_0.status,ope1_0.total_amount,ope1_0.total_items,ope1_0.version from "order" ope1_0 where ope1_0.id=?
Hibernate: update "order" set canceled_at=?,create_by_user_id=?,customer_id=?,last_modified_at=?,last_modified_by_user_id=?,paid_at=?,payment_method=?,placed_at=?,ready_at=?,status=?,total_amount=?,total_items=?,version=? where id=? and version=?
version t11
version t20
Hibernate: select ope1_0.id,ope1_0.canceled_at,ope1_0.create_by_user_id,ope1_0.customer_id,ope1_0.last_modified_at,ope1_0.last_modified_by_user_id,ope1_0.paid_at,ope1_0.payment_method,ope1_0.placed_at,ope1_0.ready_at,ope1_0.status,ope1_0.total_amount,ope1_0.total_items,ope1_0.version from "order" ope1_0 where ope1_0.id=?
]]></system-out>
  <system-err><![CDATA[Mockito is currently self-attaching to enable the inline-mock-maker. This will no longer work in future releases of the JDK. Please add Mockito as an agent to your build what is described in Mockito's documentation: https://javadoc.io/doc/org.mockito/mockito-core/latest/org/mockito/Mockito.html#0.3
WARNING: A Java agent has been loaded dynamically (/home/marco/.gradle/caches/modules-2/files-2.1/net.bytebuddy/byte-buddy-agent/1.15.11/a38b16385e867f59a641330f0362ebe742788ed8/byte-buddy-agent-1.15.11.jar)
WARNING: If a serviceability tool is in use, please run with -XX:+EnableDynamicAgentLoading to hide this warning
WARNING: If a serviceability tool is not in use, please run with -Djdk.instrument.traceUsage for more information
WARNING: Dynamic loading of agents will be disallowed by default in a future release
]]></system-err>
</testsuite>
