<?xml version="1.0" encoding="UTF-8"?>
<testsuite name="com.algaworks.algashop.ordering.domain.model.order.OrderMarkAsReadyTest" tests="1" skipped="0" failures="0" errors="0" timestamp="2025-10-01T22:16:46.267Z" hostname="marco-Inspiron-3583" time="0.001">
  <properties/>
  <testcase name="dado_um_pedido_draft_quando_pagar_entao_gerar_excecao()" classname="com.algaworks.algashop.ordering.domain.model.order.OrderMarkAsReadyTest" time="0.001"/>
  <system-out><![CDATA[]]></system-out>
  <system-err><![CDATA[]]></system-err>
</testsuite>
