<?xml version="1.0" encoding="UTF-8"?>
<testsuite name="com.algaworks.algashop.ordering.domain.model.customer.CustomerLoyaltyPointsServiceTest" tests="1" skipped="0" failures="0" errors="0" timestamp="2025-10-01T22:16:44.047Z" hostname="marco-Inspiron-3583" time="0.016">
  <properties/>
  <testcase name="deveValidarClienteEPedidoQuandoAdicionarPontosAcumulados()" classname="com.algaworks.algashop.ordering.domain.model.customer.CustomerLoyaltyPointsServiceTest" time="0.016"/>
  <system-out><![CDATA[]]></system-out>
  <system-err><![CDATA[]]></system-err>
</testsuite>
